[0.128s] Invoking command in '/home/boppermon/ngcp_robot/src/robot-_URDF/build/articubot_one': CMAKE_PREFIX_PATH=${CMAKE_PREFIX_PATH}:/home/boppermon/ros2_ws/install/my_robot_controller:/home/boppermon/ros2_ws/install/circumference:/opt/ros/iron /usr/bin/cmake --build /home/boppermon/ngcp_robot/src/robot-_URDF/build/articubot_one -- -j8 -l8
[0.190s] Invoked command in '/home/boppermon/ngcp_robot/src/robot-_URDF/build/articubot_one' returned '0': CMAKE_PREFIX_PATH=${CMAKE_PREFIX_PATH}:/home/boppermon/ros2_ws/install/my_robot_controller:/home/boppermon/ros2_ws/install/circumference:/opt/ros/iron /usr/bin/cmake --build /home/boppermon/ngcp_robot/src/robot-_URDF/build/articubot_one -- -j8 -l8
[0.223s] Invoking command in '/home/boppermon/ngcp_robot/src/robot-_URDF/build/articubot_one': CMAKE_PREFIX_PATH=${CMAKE_PREFIX_PATH}:/home/boppermon/ros2_ws/install/my_robot_controller:/home/boppermon/ros2_ws/install/circumference:/opt/ros/iron /usr/bin/cmake --install /home/boppermon/ngcp_robot/src/robot-_URDF/build/articubot_one
[0.230s] -- Install configuration: ""
[0.231s] -- Execute custom install script
[0.247s] -- Up-to-date symlink: /home/boppermon/ngcp_robot/src/robot-_URDF/install/articubot_one/share/articubot_one/config/ball_tracker_params_robot.yaml
[0.277s] -- Up-to-date symlink: /home/boppermon/ngcp_robot/src/robot-_URDF/install/articubot_one/share/articubot_one/config/ball_tracker_params_sim.yaml
[0.291s] -- Up-to-date symlink: /home/boppermon/ngcp_robot/src/robot-_URDF/install/articubot_one/share/articubot_one/config/drive_bot.rviz
[0.310s] -- Up-to-date symlink: /home/boppermon/ngcp_robot/src/robot-_URDF/install/articubot_one/share/articubot_one/config/empty.yaml
[0.329s] -- Up-to-date symlink: /home/boppermon/ngcp_robot/src/robot-_URDF/install/articubot_one/share/articubot_one/config/gaz_ros2_ctl_use_sim.yaml
[0.348s] -- Up-to-date symlink: /home/boppermon/ngcp_robot/src/robot-_URDF/install/articubot_one/share/articubot_one/config/gazebo_params.yaml
[0.355s] -- Up-to-date symlink: /home/boppermon/ngcp_robot/src/robot-_URDF/install/articubot_one/share/articubot_one/config/joystick.yaml
[0.355s] -- Up-to-date symlink: /home/boppermon/ngcp_robot/src/robot-_URDF/install/articubot_one/share/articubot_one/config/main.rviz
[0.355s] -- Up-to-date symlink: /home/boppermon/ngcp_robot/src/robot-_URDF/install/articubot_one/share/articubot_one/config/map.rviz
[0.382s] -- Up-to-date symlink: /home/boppermon/ngcp_robot/src/robot-_URDF/install/articubot_one/share/articubot_one/config/mapper_params_online_async.yaml
[0.404s] -- Up-to-date symlink: /home/boppermon/ngcp_robot/src/robot-_URDF/install/articubot_one/share/articubot_one/config/my_controllers.yaml
[0.421s] -- Up-to-date symlink: /home/boppermon/ngcp_robot/src/robot-_URDF/install/articubot_one/share/articubot_one/config/nav2_params.yaml
[0.443s] -- Up-to-date symlink: /home/boppermon/ngcp_robot/src/robot-_URDF/install/articubot_one/share/articubot_one/config/twist_mux.yaml
[0.478s] -- Up-to-date symlink: /home/boppermon/ngcp_robot/src/robot-_URDF/install/articubot_one/share/articubot_one/config/view_bot.rviz
[0.509s] -- Up-to-date symlink: /home/boppermon/ngcp_robot/src/robot-_URDF/install/articubot_one/share/articubot_one/description/camera.xacro
[0.555s] -- Up-to-date symlink: /home/boppermon/ngcp_robot/src/robot-_URDF/install/articubot_one/share/articubot_one/description/depth_camera.xacro
[0.578s] -- Up-to-date symlink: /home/boppermon/ngcp_robot/src/robot-_URDF/install/articubot_one/share/articubot_one/description/face.xacro
[0.597s] -- Up-to-date symlink: /home/boppermon/ngcp_robot/src/robot-_URDF/install/articubot_one/share/articubot_one/description/gazebo_control.xacro
[0.611s] -- Up-to-date symlink: /home/boppermon/ngcp_robot/src/robot-_URDF/install/articubot_one/share/articubot_one/description/inertial_macros.xacro
[0.645s] -- Up-to-date symlink: /home/boppermon/ngcp_robot/src/robot-_URDF/install/articubot_one/share/articubot_one/description/robot.urdf.xacro
[0.658s] -- Up-to-date symlink: /home/boppermon/ngcp_robot/src/robot-_URDF/install/articubot_one/share/articubot_one/description/robot_core.xacro
[0.665s] -- Up-to-date symlink: /home/boppermon/ngcp_robot/src/robot-_URDF/install/articubot_one/share/articubot_one/description/ros2_control.xacro
[0.682s] -- Up-to-date symlink: /home/boppermon/ngcp_robot/src/robot-_URDF/install/articubot_one/share/articubot_one/launch/ball_tracker.launch.py
[0.682s] -- Up-to-date symlink: /home/boppermon/ngcp_robot/src/robot-_URDF/install/articubot_one/share/articubot_one/launch/camera.launch.py
[0.701s] -- Up-to-date symlink: /home/boppermon/ngcp_robot/src/robot-_URDF/install/articubot_one/share/articubot_one/launch/joystick.launch.py
[0.717s] -- Up-to-date symlink: /home/boppermon/ngcp_robot/src/robot-_URDF/install/articubot_one/share/articubot_one/launch/launch_robot.launch.py
[0.718s] -- Up-to-date symlink: /home/boppermon/ngcp_robot/src/robot-_URDF/install/articubot_one/share/articubot_one/launch/launch_sim.launch.py
[0.719s] -- Up-to-date symlink: /home/boppermon/ngcp_robot/src/robot-_URDF/install/articubot_one/share/articubot_one/launch/localization_launch.py
[0.719s] -- Up-to-date symlink: /home/boppermon/ngcp_robot/src/robot-_URDF/install/articubot_one/share/articubot_one/launch/navigation_launch.py
[0.737s] -- Up-to-date symlink: /home/boppermon/ngcp_robot/src/robot-_URDF/install/articubot_one/share/articubot_one/launch/online_async_launch.py
[0.753s] -- Up-to-date symlink: /home/boppermon/ngcp_robot/src/robot-_URDF/install/articubot_one/share/articubot_one/launch/rplidar.launch.py
[0.754s] -- Up-to-date symlink: /home/boppermon/ngcp_robot/src/robot-_URDF/install/articubot_one/share/articubot_one/launch/rsp.launch.py
[0.773s] -- Up-to-date symlink: /home/boppermon/ngcp_robot/src/robot-_URDF/install/articubot_one/share/articubot_one/worlds/empty.world
[0.786s] -- Up-to-date symlink: /home/boppermon/ngcp_robot/src/robot-_URDF/install/articubot_one/share/articubot_one/worlds/obstacles.world
[0.786s] -- Up-to-date symlink: /home/boppermon/ngcp_robot/src/robot-_URDF/install/articubot_one/share/ament_index/resource_index/package_run_dependencies/articubot_one
[0.787s] -- Up-to-date symlink: /home/boppermon/ngcp_robot/src/robot-_URDF/install/articubot_one/share/ament_index/resource_index/parent_prefix_path/articubot_one
[0.823s] -- Up-to-date symlink: /home/boppermon/ngcp_robot/src/robot-_URDF/install/articubot_one/share/articubot_one/environment/ament_prefix_path.sh
[0.838s] -- Up-to-date symlink: /home/boppermon/ngcp_robot/src/robot-_URDF/install/articubot_one/share/articubot_one/environment/ament_prefix_path.dsv
[0.848s] -- Up-to-date symlink: /home/boppermon/ngcp_robot/src/robot-_URDF/install/articubot_one/share/articubot_one/environment/path.sh
[0.861s] -- Up-to-date symlink: /home/boppermon/ngcp_robot/src/robot-_URDF/install/articubot_one/share/articubot_one/environment/path.dsv
[0.879s] -- Up-to-date symlink: /home/boppermon/ngcp_robot/src/robot-_URDF/install/articubot_one/share/articubot_one/local_setup.bash
[0.880s] -- Up-to-date symlink: /home/boppermon/ngcp_robot/src/robot-_URDF/install/articubot_one/share/articubot_one/local_setup.sh
[0.881s] -- Up-to-date symlink: /home/boppermon/ngcp_robot/src/robot-_URDF/install/articubot_one/share/articubot_one/local_setup.zsh
[0.881s] -- Up-to-date symlink: /home/boppermon/ngcp_robot/src/robot-_URDF/install/articubot_one/share/articubot_one/local_setup.dsv
[0.882s] -- Symlinking: /home/boppermon/ngcp_robot/src/robot-_URDF/install/articubot_one/share/articubot_one/package.dsv
[0.902s] -- Up-to-date symlink: /home/boppermon/ngcp_robot/src/robot-_URDF/install/articubot_one/share/ament_index/resource_index/packages/articubot_one
[0.903s] -- Up-to-date symlink: /home/boppermon/ngcp_robot/src/robot-_URDF/install/articubot_one/share/articubot_one/cmake/articubot_oneConfig.cmake
[0.904s] -- Up-to-date symlink: /home/boppermon/ngcp_robot/src/robot-_URDF/install/articubot_one/share/articubot_one/cmake/articubot_oneConfig-version.cmake
[0.904s] -- Up-to-date symlink: /home/boppermon/ngcp_robot/src/robot-_URDF/install/articubot_one/share/articubot_one/package.xml
[0.907s] Invoked command in '/home/boppermon/ngcp_robot/src/robot-_URDF/build/articubot_one' returned '0': CMAKE_PREFIX_PATH=${CMAKE_PREFIX_PATH}:/home/boppermon/ros2_ws/install/my_robot_controller:/home/boppermon/ros2_ws/install/circumference:/opt/ros/iron /usr/bin/cmake --install /home/boppermon/ngcp_robot/src/robot-_URDF/build/articubot_one
