[1.748s] DEBUG:colcon:Command line arguments: ['/usr/bin/colcon', 'build', '--symlink-install']
[1.748s] DEBUG:colcon:Parsed command line arguments: Namespace(log_base=None, log_level=None, verb_name='build', build_base='build', install_base='install', merge_install=False, symlink_install=True, test_result_base=None, continue_on_error=False, executor='parallel', parallel_workers=8, event_handlers=None, ignore_user_meta=False, metas=['./colcon.meta'], base_paths=['.'], packages_ignore=None, packages_ignore_regex=None, paths=None, packages_up_to=None, packages_up_to_regex=None, packages_above=None, packages_above_and_dependencies=None, packages_above_depth=None, packages_select_by_dep=None, packages_skip_by_dep=None, packages_skip_up_to=None, packages_select_build_failed=False, packages_skip_build_finished=False, packages_select_test_failures=False, packages_skip_test_passed=False, packages_select=None, packages_skip=None, packages_select_regex=None, packages_skip_regex=None, packages_start=None, packages_end=None, allow_overriding=[], cmake_args=None, cmake_target=None, cmake_target_skip_unavailable=False, cmake_clean_cache=False, cmake_clean_first=False, cmake_force_configure=False, ament_cmake_args=None, catkin_cmake_args=None, catkin_skip_building_tests=False, verb_parser=<colcon_defaults.argument_parser.defaults.DefaultArgumentsDecorator object at 0x7fd07d6eb220>, verb_extension=<colcon_core.verb.build.BuildVerb object at 0x7fd07dbaab00>, main=<bound method BuildVerb.main of <colcon_core.verb.build.BuildVerb object at 0x7fd07dbaab00>>)
[1.865s] Level 1:colcon.colcon_core.package_discovery:discover_packages(colcon_meta) check parameters
[1.866s] Level 1:colcon.colcon_core.package_discovery:discover_packages(recursive) check parameters
[1.866s] Level 1:colcon.colcon_core.package_discovery:discover_packages(ignore) check parameters
[1.866s] Level 1:colcon.colcon_core.package_discovery:discover_packages(path) check parameters
[1.866s] Level 1:colcon.colcon_core.package_discovery:discover_packages(colcon_meta) discover
[1.866s] Level 1:colcon.colcon_core.package_discovery:discover_packages(recursive) discover
[1.866s] INFO:colcon.colcon_core.package_discovery:Crawling recursively for packages in '/home/boppermon/ngcp_robot/src/robot-_URDF'
[1.866s] Level 1:colcon.colcon_core.package_identification:_identify(.) by extensions ['ignore', 'ignore_ament_install']
[1.866s] Level 1:colcon.colcon_core.package_identification:_identify(.) by extension 'ignore'
[1.867s] Level 1:colcon.colcon_core.package_identification:_identify(.) by extension 'ignore_ament_install'
[1.867s] Level 1:colcon.colcon_core.package_identification:_identify(.) by extensions ['colcon_pkg']
[1.867s] Level 1:colcon.colcon_core.package_identification:_identify(.) by extension 'colcon_pkg'
[1.867s] Level 1:colcon.colcon_core.package_identification:_identify(.) by extensions ['colcon_meta']
[1.867s] Level 1:colcon.colcon_core.package_identification:_identify(.) by extension 'colcon_meta'
[1.867s] Level 1:colcon.colcon_core.package_identification:_identify(.) by extensions ['ros']
[1.867s] Level 1:colcon.colcon_core.package_identification:_identify(.) by extension 'ros'
[2.178s] DEBUG:colcon.colcon_core.package_identification:Package '.' with type 'ros.ament_cmake' and name 'articubot_one'
[2.178s] Level 1:colcon.colcon_core.package_discovery:discover_packages(recursive) using defaults
[2.178s] Level 1:colcon.colcon_core.package_discovery:discover_packages(ignore) discover
[2.178s] Level 1:colcon.colcon_core.package_discovery:discover_packages(ignore) using defaults
[2.179s] Level 1:colcon.colcon_core.package_discovery:discover_packages(path) discover
[2.179s] Level 1:colcon.colcon_core.package_discovery:discover_packages(path) using defaults
[2.307s] Level 1:colcon.colcon_core.package_discovery:discover_packages(prefix_path) check parameters
[2.307s] Level 1:colcon.colcon_core.package_discovery:discover_packages(prefix_path) discover
[2.366s] DEBUG:colcon.colcon_installed_package_information.package_discovery:Found 2 installed packages in /home/boppermon/ros2_ws/install
[2.386s] DEBUG:colcon.colcon_installed_package_information.package_discovery:Found 1 installed packages in /home/boppermon/dev_ws/install
[2.403s] DEBUG:colcon.colcon_installed_package_information.package_discovery:Found 0 installed packages in /home/boppermon/ngcp_robot/build/install
[2.422s] DEBUG:colcon.colcon_installed_package_information.package_discovery:Found 1 installed packages in /home/boppermon/ngcp_robot/install
[2.445s] DEBUG:colcon.colcon_installed_package_information.package_discovery:Found 287 installed packages in /opt/ros/iron
[2.447s] Level 1:colcon.colcon_core.package_discovery:discover_packages(prefix_path) using defaults
[2.558s] Level 5:colcon.colcon_core.verb:set package 'articubot_one' build argument 'cmake_args' from command line to 'None'
[2.559s] Level 5:colcon.colcon_core.verb:set package 'articubot_one' build argument 'cmake_target' from command line to 'None'
[2.559s] Level 5:colcon.colcon_core.verb:set package 'articubot_one' build argument 'cmake_target_skip_unavailable' from command line to 'False'
[2.559s] Level 5:colcon.colcon_core.verb:set package 'articubot_one' build argument 'cmake_clean_cache' from command line to 'False'
[2.559s] Level 5:colcon.colcon_core.verb:set package 'articubot_one' build argument 'cmake_clean_first' from command line to 'False'
[2.559s] Level 5:colcon.colcon_core.verb:set package 'articubot_one' build argument 'cmake_force_configure' from command line to 'False'
[2.559s] Level 5:colcon.colcon_core.verb:set package 'articubot_one' build argument 'ament_cmake_args' from command line to 'None'
[2.559s] Level 5:colcon.colcon_core.verb:set package 'articubot_one' build argument 'catkin_cmake_args' from command line to 'None'
[2.559s] Level 5:colcon.colcon_core.verb:set package 'articubot_one' build argument 'catkin_skip_building_tests' from command line to 'False'
[2.559s] DEBUG:colcon.colcon_core.verb:Building package 'articubot_one' with the following arguments: {'ament_cmake_args': None, 'build_base': '/home/boppermon/ngcp_robot/src/robot-_URDF/build/articubot_one', 'catkin_cmake_args': None, 'catkin_skip_building_tests': False, 'cmake_args': None, 'cmake_clean_cache': False, 'cmake_clean_first': False, 'cmake_force_configure': False, 'cmake_target': None, 'cmake_target_skip_unavailable': False, 'install_base': '/home/boppermon/ngcp_robot/src/robot-_URDF/install/articubot_one', 'merge_install': False, 'path': '/home/boppermon/ngcp_robot/src/robot-_URDF', 'symlink_install': True, 'test_result_base': None}
[2.577s] INFO:colcon.colcon_core.executor:Executing jobs using 'parallel' executor
[2.599s] DEBUG:colcon.colcon_parallel_executor.executor.parallel:run_until_complete
[2.600s] INFO:colcon.colcon_ros.task.ament_cmake.build:Building ROS package in '/home/boppermon/ngcp_robot/src/robot-_URDF' with build type 'ament_cmake'
[2.601s] INFO:colcon.colcon_cmake.task.cmake.build:Building CMake package in '/home/boppermon/ngcp_robot/src/robot-_URDF'
[2.623s] INFO:colcon.colcon_core.plugin_system:Skipping extension 'colcon_core.shell.bat': Not used on non-Windows systems
[2.624s] INFO:colcon.colcon_core.shell:Skip shell extension 'powershell' for command environment: Not usable outside of PowerShell
[2.624s] DEBUG:colcon.colcon_core.shell:Skip shell extension 'dsv' for command environment
[2.990s] DEBUG:colcon.colcon_core.event_handler.log_command:Invoking command in '/home/boppermon/ngcp_robot/src/robot-_URDF/build/articubot_one': CMAKE_PREFIX_PATH=${CMAKE_PREFIX_PATH}:/home/boppermon/ros2_ws/install/my_robot_controller:/home/boppermon/ros2_ws/install/circumference:/opt/ros/iron /usr/bin/cmake --build /home/boppermon/ngcp_robot/src/robot-_URDF/build/articubot_one -- -j8 -l8
[6.071s] DEBUG:colcon.colcon_core.event_handler.log_command:Invoked command in '/home/boppermon/ngcp_robot/src/robot-_URDF/build/articubot_one' returned '0': CMAKE_PREFIX_PATH=${CMAKE_PREFIX_PATH}:/home/boppermon/ros2_ws/install/my_robot_controller:/home/boppermon/ros2_ws/install/circumference:/opt/ros/iron /usr/bin/cmake --build /home/boppermon/ngcp_robot/src/robot-_URDF/build/articubot_one -- -j8 -l8
[6.122s] DEBUG:colcon.colcon_core.event_handler.log_command:Invoking command in '/home/boppermon/ngcp_robot/src/robot-_URDF/build/articubot_one': CMAKE_PREFIX_PATH=${CMAKE_PREFIX_PATH}:/home/boppermon/ros2_ws/install/my_robot_controller:/home/boppermon/ros2_ws/install/circumference:/opt/ros/iron /usr/bin/cmake --install /home/boppermon/ngcp_robot/src/robot-_URDF/build/articubot_one
[6.596s] Level 1:colcon.colcon_core.environment:create_environment_scripts_only(articubot_one)
[6.597s] DEBUG:colcon.colcon_core.event_handler.log_command:Invoked command in '/home/boppermon/ngcp_robot/src/robot-_URDF/build/articubot_one' returned '0': CMAKE_PREFIX_PATH=${CMAKE_PREFIX_PATH}:/home/boppermon/ros2_ws/install/my_robot_controller:/home/boppermon/ros2_ws/install/circumference:/opt/ros/iron /usr/bin/cmake --install /home/boppermon/ngcp_robot/src/robot-_URDF/build/articubot_one
[7.286s] Level 1:colcon.colcon_core.environment:checking '/home/boppermon/ngcp_robot/src/robot-_URDF/install/articubot_one' for CMake module files
[7.288s] Level 1:colcon.colcon_core.environment:checking '/home/boppermon/ngcp_robot/src/robot-_URDF/install/articubot_one' for CMake config files
[7.289s] Level 1:colcon.colcon_core.shell:create_environment_hook('articubot_one', 'cmake_prefix_path')
[7.314s] INFO:colcon.colcon_core.shell:Creating environment hook '/home/boppermon/ngcp_robot/src/robot-_URDF/install/articubot_one/share/articubot_one/hook/cmake_prefix_path.ps1'
[7.315s] INFO:colcon.colcon_core.shell:Creating environment descriptor '/home/boppermon/ngcp_robot/src/robot-_URDF/install/articubot_one/share/articubot_one/hook/cmake_prefix_path.dsv'
[7.317s] INFO:colcon.colcon_core.shell:Creating environment hook '/home/boppermon/ngcp_robot/src/robot-_URDF/install/articubot_one/share/articubot_one/hook/cmake_prefix_path.sh'
[7.319s] Level 1:colcon.colcon_core.environment:checking '/home/boppermon/ngcp_robot/src/robot-_URDF/install/articubot_one/bin'
[7.320s] Level 1:colcon.colcon_core.environment:checking '/home/boppermon/ngcp_robot/src/robot-_URDF/install/articubot_one/lib/pkgconfig/articubot_one.pc'
[7.320s] Level 1:colcon.colcon_core.environment:checking '/home/boppermon/ngcp_robot/src/robot-_URDF/install/articubot_one/lib/python3.10/site-packages'
[7.321s] Level 1:colcon.colcon_core.environment:checking '/home/boppermon/ngcp_robot/src/robot-_URDF/install/articubot_one/bin'
[7.342s] INFO:colcon.colcon_core.shell:Creating package script '/home/boppermon/ngcp_robot/src/robot-_URDF/install/articubot_one/share/articubot_one/package.ps1'
[7.344s] INFO:colcon.colcon_core.shell:Creating package descriptor '/home/boppermon/ngcp_robot/src/robot-_URDF/install/articubot_one/share/articubot_one/package.dsv'
[7.346s] INFO:colcon.colcon_core.shell:Creating package script '/home/boppermon/ngcp_robot/src/robot-_URDF/install/articubot_one/share/articubot_one/package.sh'
[7.347s] INFO:colcon.colcon_core.shell:Creating package script '/home/boppermon/ngcp_robot/src/robot-_URDF/install/articubot_one/share/articubot_one/package.bash'
[7.401s] INFO:colcon.colcon_core.shell:Creating package script '/home/boppermon/ngcp_robot/src/robot-_URDF/install/articubot_one/share/articubot_one/package.zsh'
[7.404s] Level 1:colcon.colcon_core.environment:create_file_with_runtime_dependencies(/home/boppermon/ngcp_robot/src/robot-_URDF/install/articubot_one/share/colcon-core/packages/articubot_one)
[7.459s] Level 1:colcon.colcon_core.environment:create_environment_scripts_only(articubot_one)
[7.485s] Level 1:colcon.colcon_core.environment:checking '/home/boppermon/ngcp_robot/src/robot-_URDF/install/articubot_one' for CMake module files
[7.486s] Level 1:colcon.colcon_core.environment:checking '/home/boppermon/ngcp_robot/src/robot-_URDF/install/articubot_one' for CMake config files
[7.487s] Level 1:colcon.colcon_core.shell:create_environment_hook('articubot_one', 'cmake_prefix_path')
[7.508s] INFO:colcon.colcon_core.shell:Creating environment hook '/home/boppermon/ngcp_robot/src/robot-_URDF/install/articubot_one/share/articubot_one/hook/cmake_prefix_path.ps1'
[7.510s] INFO:colcon.colcon_core.shell:Creating environment descriptor '/home/boppermon/ngcp_robot/src/robot-_URDF/install/articubot_one/share/articubot_one/hook/cmake_prefix_path.dsv'
[7.510s] INFO:colcon.colcon_core.shell:Creating environment hook '/home/boppermon/ngcp_robot/src/robot-_URDF/install/articubot_one/share/articubot_one/hook/cmake_prefix_path.sh'
[7.511s] Level 1:colcon.colcon_core.environment:checking '/home/boppermon/ngcp_robot/src/robot-_URDF/install/articubot_one/bin'
[7.512s] Level 1:colcon.colcon_core.environment:checking '/home/boppermon/ngcp_robot/src/robot-_URDF/install/articubot_one/lib/pkgconfig/articubot_one.pc'
[7.512s] Level 1:colcon.colcon_core.environment:checking '/home/boppermon/ngcp_robot/src/robot-_URDF/install/articubot_one/lib/python3.10/site-packages'
[7.513s] Level 1:colcon.colcon_core.environment:checking '/home/boppermon/ngcp_robot/src/robot-_URDF/install/articubot_one/bin'
[7.534s] INFO:colcon.colcon_core.shell:Creating package script '/home/boppermon/ngcp_robot/src/robot-_URDF/install/articubot_one/share/articubot_one/package.ps1'
[7.536s] INFO:colcon.colcon_core.shell:Creating package descriptor '/home/boppermon/ngcp_robot/src/robot-_URDF/install/articubot_one/share/articubot_one/package.dsv'
[7.538s] INFO:colcon.colcon_core.shell:Creating package script '/home/boppermon/ngcp_robot/src/robot-_URDF/install/articubot_one/share/articubot_one/package.sh'
[7.538s] INFO:colcon.colcon_core.shell:Creating package script '/home/boppermon/ngcp_robot/src/robot-_URDF/install/articubot_one/share/articubot_one/package.bash'
[7.539s] INFO:colcon.colcon_core.shell:Creating package script '/home/boppermon/ngcp_robot/src/robot-_URDF/install/articubot_one/share/articubot_one/package.zsh'
[7.540s] Level 1:colcon.colcon_core.environment:create_file_with_runtime_dependencies(/home/boppermon/ngcp_robot/src/robot-_URDF/install/articubot_one/share/colcon-core/packages/articubot_one)
[7.540s] DEBUG:colcon.colcon_parallel_executor.executor.parallel:closing loop
[7.541s] DEBUG:colcon.colcon_parallel_executor.executor.parallel:loop closed
[7.541s] DEBUG:colcon.colcon_parallel_executor.executor.parallel:run_until_complete finished with '0'
[7.541s] DEBUG:colcon.colcon_core.event_reactor:joining thread
[7.723s] INFO:colcon.colcon_core.plugin_system:Skipping extension 'colcon_notification.desktop_notification.notify_send': Could not find 'notify-send'
[7.723s] INFO:colcon.colcon_core.plugin_system:Skipping extension 'colcon_notification.desktop_notification.terminal_notifier': Not used on non-Darwin systems
[7.723s] INFO:colcon.colcon_core.plugin_system:Skipping extension 'colcon_notification.desktop_notification.win32': Not used on non-Windows systems
[7.723s] INFO:colcon.colcon_notification.desktop_notification:Sending desktop notification using 'notify2'
[7.724s] DEBUG:colcon.colcon_notification.desktop_notification.notify2:Failed to initialize notify2: org.freedesktop.DBus.Error.FileNotFound: Failed to connect to socket /run/user/1000/bus: No such file or directory
[7.724s] DEBUG:colcon.colcon_core.event_reactor:joined thread
[7.746s] INFO:colcon.colcon_core.shell:Creating prefix script '/home/boppermon/ngcp_robot/src/robot-_URDF/install/local_setup.ps1'
[7.748s] INFO:colcon.colcon_core.shell:Creating prefix util module '/home/boppermon/ngcp_robot/src/robot-_URDF/install/_local_setup_util_ps1.py'
[7.750s] INFO:colcon.colcon_core.shell:Creating prefix chain script '/home/boppermon/ngcp_robot/src/robot-_URDF/install/setup.ps1'
[7.772s] INFO:colcon.colcon_core.shell:Creating prefix script '/home/boppermon/ngcp_robot/src/robot-_URDF/install/local_setup.sh'
[7.774s] INFO:colcon.colcon_core.shell:Creating prefix util module '/home/boppermon/ngcp_robot/src/robot-_URDF/install/_local_setup_util_sh.py'
[7.776s] INFO:colcon.colcon_core.shell:Creating prefix chain script '/home/boppermon/ngcp_robot/src/robot-_URDF/install/setup.sh'
[7.799s] INFO:colcon.colcon_core.shell:Creating prefix script '/home/boppermon/ngcp_robot/src/robot-_URDF/install/local_setup.bash'
[7.800s] INFO:colcon.colcon_core.shell:Creating prefix chain script '/home/boppermon/ngcp_robot/src/robot-_URDF/install/setup.bash'
[7.819s] INFO:colcon.colcon_core.shell:Creating prefix script '/home/boppermon/ngcp_robot/src/robot-_URDF/install/local_setup.zsh'
[7.820s] INFO:colcon.colcon_core.shell:Creating prefix chain script '/home/boppermon/ngcp_robot/src/robot-_URDF/install/setup.zsh'
