[0.044s] Invoking command in '/home/boppermon/ngcp_robot/src/robot-_URDF/build/articubot_one': /usr/bin/cmake --build /home/boppermon/ngcp_robot/src/robot-_URDF/build/articubot_one -- -j8 -l8
[0.072s] Invoked command in '/home/boppermon/ngcp_robot/src/robot-_URDF/build/articubot_one' returned '0': /usr/bin/cmake --build /home/boppermon/ngcp_robot/src/robot-_URDF/build/articubot_one -- -j8 -l8
[0.108s] Invoking command in '/home/boppermon/ngcp_robot/src/robot-_URDF/build/articubot_one': /usr/bin/cmake --install /home/boppermon/ngcp_robot/src/robot-_URDF/build/articubot_one
[0.115s] -- Install configuration: ""
[0.116s] -- Execute custom install script
[0.116s] -- Up-to-date symlink: /home/boppermon/ngcp_robot/src/robot-_URDF/install/articubot_one/share/articubot_one/config/ball_tracker_params_robot.yaml
[0.117s] -- Up-to-date symlink: /home/boppermon/ngcp_robot/src/robot-_URDF/install/articubot_one/share/articubot_one/config/ball_tracker_params_sim.yaml
[0.117s] -- Up-to-date symlink: /home/boppermon/ngcp_robot/src/robot-_URDF/install/articubot_one/share/articubot_one/config/drive_bot.rviz
[0.117s] -- Up-to-date symlink: /home/boppermon/ngcp_robot/src/robot-_URDF/install/articubot_one/share/articubot_one/config/empty.yaml
[0.118s] -- Up-to-date symlink: /home/boppermon/ngcp_robot/src/robot-_URDF/install/articubot_one/share/articubot_one/config/gaz_ros2_ctl_use_sim.yaml
[0.118s] -- Up-to-date symlink: /home/boppermon/ngcp_robot/src/robot-_URDF/install/articubot_one/share/articubot_one/config/gazebo_params.yaml
[0.118s] -- Up-to-date symlink: /home/boppermon/ngcp_robot/src/robot-_URDF/install/articubot_one/share/articubot_one/config/joystick.yaml
[0.119s] -- Up-to-date symlink: /home/boppermon/ngcp_robot/src/robot-_URDF/install/articubot_one/share/articubot_one/config/main.rviz
[0.119s] -- Up-to-date symlink: /home/boppermon/ngcp_robot/src/robot-_URDF/install/articubot_one/share/articubot_one/config/map.rviz
[0.119s] -- Up-to-date symlink: /home/boppermon/ngcp_robot/src/robot-_URDF/install/articubot_one/share/articubot_one/config/mapper_params_online_async.yaml
[0.119s] -- Up-to-date symlink: /home/boppermon/ngcp_robot/src/robot-_URDF/install/articubot_one/share/articubot_one/config/my_controllers.yaml
[0.119s] -- Up-to-date symlink: /home/boppermon/ngcp_robot/src/robot-_URDF/install/articubot_one/share/articubot_one/config/nav2_params.yaml
[0.120s] -- Up-to-date symlink: /home/boppermon/ngcp_robot/src/robot-_URDF/install/articubot_one/share/articubot_one/config/twist_mux.yaml
[0.120s] -- Up-to-date symlink: /home/boppermon/ngcp_robot/src/robot-_URDF/install/articubot_one/share/articubot_one/config/view_bot.rviz
[0.120s] -- Up-to-date symlink: /home/boppermon/ngcp_robot/src/robot-_URDF/install/articubot_one/share/articubot_one/description/camera.xacro
[0.120s] -- Up-to-date symlink: /home/boppermon/ngcp_robot/src/robot-_URDF/install/articubot_one/share/articubot_one/description/depth_camera.xacro
[0.120s] -- Up-to-date symlink: /home/boppermon/ngcp_robot/src/robot-_URDF/install/articubot_one/share/articubot_one/description/depth_lidar.xacro
[0.120s] -- Up-to-date symlink: /home/boppermon/ngcp_robot/src/robot-_URDF/install/articubot_one/share/articubot_one/description/face.xacro
[0.121s] -- Up-to-date symlink: /home/boppermon/ngcp_robot/src/robot-_URDF/install/articubot_one/share/articubot_one/description/gazebo_control.xacro
[0.121s] -- Up-to-date symlink: /home/boppermon/ngcp_robot/src/robot-_URDF/install/articubot_one/share/articubot_one/description/inertial_macros.xacro
[0.121s] -- Up-to-date symlink: /home/boppermon/ngcp_robot/src/robot-_URDF/install/articubot_one/share/articubot_one/description/lidar.xacro
[0.121s] -- Up-to-date symlink: /home/boppermon/ngcp_robot/src/robot-_URDF/install/articubot_one/share/articubot_one/description/robot.urdf.xacro
[0.121s] -- Up-to-date symlink: /home/boppermon/ngcp_robot/src/robot-_URDF/install/articubot_one/share/articubot_one/description/robot_core.xacro
[0.121s] -- Up-to-date symlink: /home/boppermon/ngcp_robot/src/robot-_URDF/install/articubot_one/share/articubot_one/description/ros2_control.xacro
[0.122s] -- Up-to-date symlink: /home/boppermon/ngcp_robot/src/robot-_URDF/install/articubot_one/share/articubot_one/launch/ball_tracker.launch.py
[0.122s] -- Up-to-date symlink: /home/boppermon/ngcp_robot/src/robot-_URDF/install/articubot_one/share/articubot_one/launch/camera.launch.py
[0.123s] -- Up-to-date symlink: /home/boppermon/ngcp_robot/src/robot-_URDF/install/articubot_one/share/articubot_one/launch/joystick.launch.py
[0.123s] -- Up-to-date symlink: /home/boppermon/ngcp_robot/src/robot-_URDF/install/articubot_one/share/articubot_one/launch/launch_robot.launch.py
[0.123s] -- Up-to-date symlink: /home/boppermon/ngcp_robot/src/robot-_URDF/install/articubot_one/share/articubot_one/launch/launch_sim.launch.py
[0.123s] -- Up-to-date symlink: /home/boppermon/ngcp_robot/src/robot-_URDF/install/articubot_one/share/articubot_one/launch/lidar.launch.py
[0.124s] -- Up-to-date symlink: /home/boppermon/ngcp_robot/src/robot-_URDF/install/articubot_one/share/articubot_one/launch/localization_launch.py
[0.124s] -- Up-to-date symlink: /home/boppermon/ngcp_robot/src/robot-_URDF/install/articubot_one/share/articubot_one/launch/navigation_launch.py
[0.124s] -- Up-to-date symlink: /home/boppermon/ngcp_robot/src/robot-_URDF/install/articubot_one/share/articubot_one/launch/online_async_launch.py
[0.124s] -- Up-to-date symlink: /home/boppermon/ngcp_robot/src/robot-_URDF/install/articubot_one/share/articubot_one/launch/rplidar.launch.py
[0.125s] -- Up-to-date symlink: /home/boppermon/ngcp_robot/src/robot-_URDF/install/articubot_one/share/articubot_one/launch/rsp.launch.py
[0.126s] -- Up-to-date symlink: /home/boppermon/ngcp_robot/src/robot-_URDF/install/articubot_one/share/articubot_one/worlds/empty.world
[0.126s] -- Up-to-date symlink: /home/boppermon/ngcp_robot/src/robot-_URDF/install/articubot_one/share/articubot_one/worlds/obstacles.world
[0.126s] -- Up-to-date symlink: /home/boppermon/ngcp_robot/src/robot-_URDF/install/articubot_one/share/ament_index/resource_index/package_run_dependencies/articubot_one
[0.127s] -- Up-to-date symlink: /home/boppermon/ngcp_robot/src/robot-_URDF/install/articubot_one/share/ament_index/resource_index/parent_prefix_path/articubot_one
[0.127s] -- Up-to-date symlink: /home/boppermon/ngcp_robot/src/robot-_URDF/install/articubot_one/share/articubot_one/environment/ament_prefix_path.sh
[0.127s] -- Up-to-date symlink: /home/boppermon/ngcp_robot/src/robot-_URDF/install/articubot_one/share/articubot_one/environment/ament_prefix_path.dsv
[0.127s] -- Up-to-date symlink: /home/boppermon/ngcp_robot/src/robot-_URDF/install/articubot_one/share/articubot_one/environment/path.sh
[0.128s] -- Up-to-date symlink: /home/boppermon/ngcp_robot/src/robot-_URDF/install/articubot_one/share/articubot_one/environment/path.dsv
[0.128s] -- Up-to-date symlink: /home/boppermon/ngcp_robot/src/robot-_URDF/install/articubot_one/share/articubot_one/local_setup.bash
[0.128s] -- Up-to-date symlink: /home/boppermon/ngcp_robot/src/robot-_URDF/install/articubot_one/share/articubot_one/local_setup.sh
[0.128s] -- Up-to-date symlink: /home/boppermon/ngcp_robot/src/robot-_URDF/install/articubot_one/share/articubot_one/local_setup.zsh
[0.128s] -- Up-to-date symlink: /home/boppermon/ngcp_robot/src/robot-_URDF/install/articubot_one/share/articubot_one/local_setup.dsv
[0.128s] -- Symlinking: /home/boppermon/ngcp_robot/src/robot-_URDF/install/articubot_one/share/articubot_one/package.dsv
[0.134s] -- Up-to-date symlink: /home/boppermon/ngcp_robot/src/robot-_URDF/install/articubot_one/share/ament_index/resource_index/packages/articubot_one
[0.134s] -- Up-to-date symlink: /home/boppermon/ngcp_robot/src/robot-_URDF/install/articubot_one/share/articubot_one/cmake/articubot_oneConfig.cmake
[0.134s] -- Up-to-date symlink: /home/boppermon/ngcp_robot/src/robot-_URDF/install/articubot_one/share/articubot_one/cmake/articubot_oneConfig-version.cmake
[0.134s] -- Up-to-date symlink: /home/boppermon/ngcp_robot/src/robot-_URDF/install/articubot_one/share/articubot_one/package.xml
[0.137s] Invoked command in '/home/boppermon/ngcp_robot/src/robot-_URDF/build/articubot_one' returned '0': /usr/bin/cmake --install /home/boppermon/ngcp_robot/src/robot-_URDF/build/articubot_one
