[1.637s] DEBUG:colcon:Command line arguments: ['/usr/bin/colcon', 'build', '--symlink-install']
[1.637s] DEBUG:colcon:Parsed command line arguments: Namespace(log_base=None, log_level=None, verb_name='build', build_base='build', install_base='install', merge_install=False, symlink_install=True, test_result_base=None, continue_on_error=False, executor='parallel', parallel_workers=8, event_handlers=None, ignore_user_meta=False, metas=['./colcon.meta'], base_paths=['.'], packages_ignore=None, packages_ignore_regex=None, paths=None, packages_up_to=None, packages_up_to_regex=None, packages_above=None, packages_above_and_dependencies=None, packages_above_depth=None, packages_select_by_dep=None, packages_skip_by_dep=None, packages_skip_up_to=None, packages_select_build_failed=False, packages_skip_build_finished=False, packages_select_test_failures=False, packages_skip_test_passed=False, packages_select=None, packages_skip=None, packages_select_regex=None, packages_skip_regex=None, packages_start=None, packages_end=None, allow_overriding=[], cmake_args=None, cmake_target=None, cmake_target_skip_unavailable=False, cmake_clean_cache=False, cmake_clean_first=False, cmake_force_configure=False, ament_cmake_args=None, catkin_cmake_args=None, catkin_skip_building_tests=False, verb_parser=<colcon_defaults.argument_parser.defaults.DefaultArgumentsDecorator object at 0x7f7d8ef65e10>, verb_extension=<colcon_core.verb.build.BuildVerb object at 0x7f7d8ef00280>, main=<bound method BuildVerb.main of <colcon_core.verb.build.BuildVerb object at 0x7f7d8ef00280>>)
[1.711s] Level 1:colcon.colcon_core.package_discovery:discover_packages(colcon_meta) check parameters
[1.711s] Level 1:colcon.colcon_core.package_discovery:discover_packages(recursive) check parameters
[1.712s] Level 1:colcon.colcon_core.package_discovery:discover_packages(ignore) check parameters
[1.712s] Level 1:colcon.colcon_core.package_discovery:discover_packages(path) check parameters
[1.712s] Level 1:colcon.colcon_core.package_discovery:discover_packages(colcon_meta) discover
[1.712s] Level 1:colcon.colcon_core.package_discovery:discover_packages(recursive) discover
[1.712s] INFO:colcon.colcon_core.package_discovery:Crawling recursively for packages in '/home/boppermon/ngcp_robot/robot-_URDF'
[1.712s] Level 1:colcon.colcon_core.package_identification:_identify(.) by extensions ['ignore', 'ignore_ament_install']
[1.712s] Level 1:colcon.colcon_core.package_identification:_identify(.) by extension 'ignore'
[1.712s] Level 1:colcon.colcon_core.package_identification:_identify(.) by extension 'ignore_ament_install'
[1.712s] Level 1:colcon.colcon_core.package_identification:_identify(.) by extensions ['colcon_pkg']
[1.712s] Level 1:colcon.colcon_core.package_identification:_identify(.) by extension 'colcon_pkg'
[1.712s] Level 1:colcon.colcon_core.package_identification:_identify(.) by extensions ['colcon_meta']
[1.712s] Level 1:colcon.colcon_core.package_identification:_identify(.) by extension 'colcon_meta'
[1.712s] Level 1:colcon.colcon_core.package_identification:_identify(.) by extensions ['ros']
[1.712s] Level 1:colcon.colcon_core.package_identification:_identify(.) by extension 'ros'
[1.733s] DEBUG:colcon.colcon_core.package_identification:Package '.' with type 'ros.ament_cmake' and name 'articubot_one'
[1.733s] Level 1:colcon.colcon_core.package_discovery:discover_packages(recursive) using defaults
[1.733s] Level 1:colcon.colcon_core.package_discovery:discover_packages(ignore) discover
[1.733s] Level 1:colcon.colcon_core.package_discovery:discover_packages(ignore) using defaults
[1.733s] Level 1:colcon.colcon_core.package_discovery:discover_packages(path) discover
[1.733s] Level 1:colcon.colcon_core.package_discovery:discover_packages(path) using defaults
[1.859s] Level 1:colcon.colcon_core.package_discovery:discover_packages(prefix_path) check parameters
[1.859s] Level 1:colcon.colcon_core.package_discovery:discover_packages(prefix_path) discover
[1.880s] WARNING:colcon.colcon_core.prefix_path.colcon:The path '/home/boppermon/ngcp_robot/src/robot-_URDF/install' in the environment variable COLCON_PREFIX_PATH doesn't exist
[1.881s] WARNING:colcon.colcon_core.prefix_path.colcon:The path '/home/boppermon/ros2_ws/install' in the environment variable COLCON_PREFIX_PATH doesn't exist
[1.881s] WARNING:colcon.colcon_core.prefix_path.colcon:The path '/home/boppermon/dev_ws/install' in the environment variable COLCON_PREFIX_PATH doesn't exist
[1.881s] WARNING:colcon.colcon_ros.prefix_path.ament:The path '/home/boppermon/ngcp_robot/src/robot-_URDF/install/articubot_one' in the environment variable AMENT_PREFIX_PATH doesn't exist
[1.881s] WARNING:colcon.colcon_ros.prefix_path.ament:The path '/home/boppermon/ros2_ws/install/my_robot_controller' in the environment variable AMENT_PREFIX_PATH doesn't exist
[1.881s] WARNING:colcon.colcon_ros.prefix_path.ament:The path '/home/boppermon/ros2_ws/install/circumference' in the environment variable AMENT_PREFIX_PATH doesn't exist
[1.881s] WARNING:colcon.colcon_ros.prefix_path.ament:The path '/home/boppermon/dev_ws/install/articubot_one' in the environment variable AMENT_PREFIX_PATH doesn't exist
[1.883s] WARNING:colcon.colcon_ros.prefix_path.catkin:The path '/home/boppermon/ngcp_robot/src/robot-_URDF/install/articubot_one' in the environment variable CMAKE_PREFIX_PATH doesn't exist
[1.883s] WARNING:colcon.colcon_ros.prefix_path.catkin:The path '/home/boppermon/dev_ws/install/articubot_one' in the environment variable CMAKE_PREFIX_PATH doesn't exist
[1.929s] DEBUG:colcon.colcon_installed_package_information.package_discovery:Found 0 installed packages in /home/boppermon/ngcp_robot/build/install
[1.952s] DEBUG:colcon.colcon_installed_package_information.package_discovery:Found 1 installed packages in /home/boppermon/ngcp_robot/install
[1.973s] DEBUG:colcon.colcon_installed_package_information.package_discovery:Found 287 installed packages in /opt/ros/iron
[1.975s] Level 1:colcon.colcon_core.package_discovery:discover_packages(prefix_path) using defaults
[2.081s] Level 5:colcon.colcon_core.verb:set package 'articubot_one' build argument 'cmake_args' from command line to 'None'
[2.081s] Level 5:colcon.colcon_core.verb:set package 'articubot_one' build argument 'cmake_target' from command line to 'None'
[2.081s] Level 5:colcon.colcon_core.verb:set package 'articubot_one' build argument 'cmake_target_skip_unavailable' from command line to 'False'
[2.081s] Level 5:colcon.colcon_core.verb:set package 'articubot_one' build argument 'cmake_clean_cache' from command line to 'False'
[2.081s] Level 5:colcon.colcon_core.verb:set package 'articubot_one' build argument 'cmake_clean_first' from command line to 'False'
[2.081s] Level 5:colcon.colcon_core.verb:set package 'articubot_one' build argument 'cmake_force_configure' from command line to 'False'
[2.081s] Level 5:colcon.colcon_core.verb:set package 'articubot_one' build argument 'ament_cmake_args' from command line to 'None'
[2.081s] Level 5:colcon.colcon_core.verb:set package 'articubot_one' build argument 'catkin_cmake_args' from command line to 'None'
[2.081s] Level 5:colcon.colcon_core.verb:set package 'articubot_one' build argument 'catkin_skip_building_tests' from command line to 'False'
[2.081s] DEBUG:colcon.colcon_core.verb:Building package 'articubot_one' with the following arguments: {'ament_cmake_args': None, 'build_base': '/home/boppermon/ngcp_robot/robot-_URDF/build/articubot_one', 'catkin_cmake_args': None, 'catkin_skip_building_tests': False, 'cmake_args': None, 'cmake_clean_cache': False, 'cmake_clean_first': False, 'cmake_force_configure': False, 'cmake_target': None, 'cmake_target_skip_unavailable': False, 'install_base': '/home/boppermon/ngcp_robot/robot-_URDF/install/articubot_one', 'merge_install': False, 'path': '/home/boppermon/ngcp_robot/robot-_URDF', 'symlink_install': True, 'test_result_base': None}
[2.103s] INFO:colcon.colcon_core.executor:Executing jobs using 'parallel' executor
[2.124s] DEBUG:colcon.colcon_parallel_executor.executor.parallel:run_until_complete
[2.125s] INFO:colcon.colcon_ros.task.ament_cmake.build:Building ROS package in '/home/boppermon/ngcp_robot/robot-_URDF' with build type 'ament_cmake'
[2.125s] INFO:colcon.colcon_cmake.task.cmake.build:Building CMake package in '/home/boppermon/ngcp_robot/robot-_URDF'
[2.151s] INFO:colcon.colcon_core.plugin_system:Skipping extension 'colcon_core.shell.bat': Not used on non-Windows systems
[2.151s] INFO:colcon.colcon_core.shell:Skip shell extension 'powershell' for command environment: Not usable outside of PowerShell
[2.151s] DEBUG:colcon.colcon_core.shell:Skip shell extension 'dsv' for command environment
[2.251s] DEBUG:colcon.colcon_core.event_handler.log_command:Invoking command in '/home/boppermon/ngcp_robot/robot-_URDF/build/articubot_one': CMAKE_PREFIX_PATH=${CMAKE_PREFIX_PATH}:/home/boppermon/ros2_ws/install/my_robot_controller:/home/boppermon/ros2_ws/install/circumference:/opt/ros/iron /usr/bin/cmake --build /home/boppermon/ngcp_robot/robot-_URDF/build/articubot_one -- -j8 -l8
[2.292s] DEBUG:colcon.colcon_core.event_handler.log_command:Invoked command in '/home/boppermon/ngcp_robot/robot-_URDF/build/articubot_one' returned '0': CMAKE_PREFIX_PATH=${CMAKE_PREFIX_PATH}:/home/boppermon/ros2_ws/install/my_robot_controller:/home/boppermon/ros2_ws/install/circumference:/opt/ros/iron /usr/bin/cmake --build /home/boppermon/ngcp_robot/robot-_URDF/build/articubot_one -- -j8 -l8
[2.333s] DEBUG:colcon.colcon_core.event_handler.log_command:Invoking command in '/home/boppermon/ngcp_robot/robot-_URDF/build/articubot_one': CMAKE_PREFIX_PATH=${CMAKE_PREFIX_PATH}:/home/boppermon/ros2_ws/install/my_robot_controller:/home/boppermon/ros2_ws/install/circumference:/opt/ros/iron /usr/bin/cmake --install /home/boppermon/ngcp_robot/robot-_URDF/build/articubot_one
[2.346s] DEBUG:colcon.colcon_core.event_handler.log_command:Invoked command in '/home/boppermon/ngcp_robot/robot-_URDF/build/articubot_one' returned '1': CMAKE_PREFIX_PATH=${CMAKE_PREFIX_PATH}:/home/boppermon/ros2_ws/install/my_robot_controller:/home/boppermon/ros2_ws/install/circumference:/opt/ros/iron /usr/bin/cmake --install /home/boppermon/ngcp_robot/robot-_URDF/build/articubot_one
[2.395s] Level 1:colcon.colcon_core.environment:create_environment_scripts_only(articubot_one)
[2.418s] Level 1:colcon.colcon_core.environment:checking '/home/boppermon/ngcp_robot/robot-_URDF/install/articubot_one' for CMake module files
[2.418s] Level 1:colcon.colcon_core.environment:checking '/home/boppermon/ngcp_robot/robot-_URDF/install/articubot_one' for CMake config files
[2.419s] Level 1:colcon.colcon_core.shell:create_environment_hook('articubot_one', 'cmake_prefix_path')
[2.440s] INFO:colcon.colcon_core.shell:Creating environment hook '/home/boppermon/ngcp_robot/robot-_URDF/install/articubot_one/share/articubot_one/hook/cmake_prefix_path.ps1'
[2.441s] INFO:colcon.colcon_core.shell:Creating environment descriptor '/home/boppermon/ngcp_robot/robot-_URDF/install/articubot_one/share/articubot_one/hook/cmake_prefix_path.dsv'
[2.441s] INFO:colcon.colcon_core.shell:Creating environment hook '/home/boppermon/ngcp_robot/robot-_URDF/install/articubot_one/share/articubot_one/hook/cmake_prefix_path.sh'
[2.443s] Level 1:colcon.colcon_core.environment:checking '/home/boppermon/ngcp_robot/robot-_URDF/install/articubot_one/bin'
[2.443s] Level 1:colcon.colcon_core.environment:checking '/home/boppermon/ngcp_robot/robot-_URDF/install/articubot_one/lib/pkgconfig/articubot_one.pc'
[2.443s] Level 1:colcon.colcon_core.environment:checking '/home/boppermon/ngcp_robot/robot-_URDF/install/articubot_one/lib/python3.10/site-packages'
[2.443s] Level 1:colcon.colcon_core.environment:checking '/home/boppermon/ngcp_robot/robot-_URDF/install/articubot_one/bin'
[2.464s] INFO:colcon.colcon_core.shell:Creating package script '/home/boppermon/ngcp_robot/robot-_URDF/install/articubot_one/share/articubot_one/package.ps1'
[2.465s] INFO:colcon.colcon_core.shell:Creating package descriptor '/home/boppermon/ngcp_robot/robot-_URDF/install/articubot_one/share/articubot_one/package.dsv'
[2.466s] INFO:colcon.colcon_core.shell:Creating package script '/home/boppermon/ngcp_robot/robot-_URDF/install/articubot_one/share/articubot_one/package.sh'
[2.467s] INFO:colcon.colcon_core.shell:Creating package script '/home/boppermon/ngcp_robot/robot-_URDF/install/articubot_one/share/articubot_one/package.bash'
[2.468s] INFO:colcon.colcon_core.shell:Creating package script '/home/boppermon/ngcp_robot/robot-_URDF/install/articubot_one/share/articubot_one/package.zsh'
[2.469s] Level 1:colcon.colcon_core.environment:create_file_with_runtime_dependencies(/home/boppermon/ngcp_robot/robot-_URDF/install/articubot_one/share/colcon-core/packages/articubot_one)
[2.480s] DEBUG:colcon.colcon_parallel_executor.executor.parallel:closing loop
[2.481s] DEBUG:colcon.colcon_parallel_executor.executor.parallel:loop closed
[2.481s] DEBUG:colcon.colcon_parallel_executor.executor.parallel:run_until_complete finished with '1'
[2.481s] DEBUG:colcon.colcon_core.event_reactor:joining thread
[2.641s] INFO:colcon.colcon_core.plugin_system:Skipping extension 'colcon_notification.desktop_notification.notify_send': Could not find 'notify-send'
[2.641s] INFO:colcon.colcon_core.plugin_system:Skipping extension 'colcon_notification.desktop_notification.terminal_notifier': Not used on non-Darwin systems
[2.641s] INFO:colcon.colcon_core.plugin_system:Skipping extension 'colcon_notification.desktop_notification.win32': Not used on non-Windows systems
[2.641s] INFO:colcon.colcon_notification.desktop_notification:Sending desktop notification using 'notify2'
[2.642s] DEBUG:colcon.colcon_notification.desktop_notification.notify2:Failed to initialize notify2: org.freedesktop.DBus.Error.FileNotFound: Failed to connect to socket /run/user/1000/bus: No such file or directory
[2.642s] DEBUG:colcon.colcon_core.event_reactor:joined thread
[2.663s] INFO:colcon.colcon_core.shell:Creating prefix script '/home/boppermon/ngcp_robot/robot-_URDF/install/local_setup.ps1'
[2.664s] INFO:colcon.colcon_core.shell:Creating prefix util module '/home/boppermon/ngcp_robot/robot-_URDF/install/_local_setup_util_ps1.py'
[2.666s] INFO:colcon.colcon_core.shell:Creating prefix chain script '/home/boppermon/ngcp_robot/robot-_URDF/install/setup.ps1'
[2.686s] INFO:colcon.colcon_core.shell:Creating prefix script '/home/boppermon/ngcp_robot/robot-_URDF/install/local_setup.sh'
[2.686s] INFO:colcon.colcon_core.shell:Creating prefix util module '/home/boppermon/ngcp_robot/robot-_URDF/install/_local_setup_util_sh.py'
[2.687s] INFO:colcon.colcon_core.shell:Creating prefix chain script '/home/boppermon/ngcp_robot/robot-_URDF/install/setup.sh'
[2.710s] INFO:colcon.colcon_core.shell:Creating prefix script '/home/boppermon/ngcp_robot/robot-_URDF/install/local_setup.bash'
[2.710s] INFO:colcon.colcon_core.shell:Creating prefix chain script '/home/boppermon/ngcp_robot/robot-_URDF/install/setup.bash'
[2.729s] INFO:colcon.colcon_core.shell:Creating prefix script '/home/boppermon/ngcp_robot/robot-_URDF/install/local_setup.zsh'
[2.731s] INFO:colcon.colcon_core.shell:Creating prefix chain script '/home/boppermon/ngcp_robot/robot-_URDF/install/setup.zsh'
