[1.157s] DEBUG:colcon:Command line arguments: ['/usr/bin/colcon', 'build', '--symlink-install']
[1.157s] DEBUG:colcon:Parsed command line arguments: Namespace(log_base=None, log_level=None, verb_name='build', build_base='build', install_base='install', merge_install=False, symlink_install=True, test_result_base=None, continue_on_error=False, executor='parallel', parallel_workers=8, event_handlers=None, ignore_user_meta=False, metas=['./colcon.meta'], base_paths=['.'], packages_ignore=None, packages_ignore_regex=None, paths=None, packages_up_to=None, packages_up_to_regex=None, packages_above=None, packages_above_and_dependencies=None, packages_above_depth=None, packages_select_by_dep=None, packages_skip_by_dep=None, packages_skip_up_to=None, packages_select_build_failed=False, packages_skip_build_finished=False, packages_select_test_failures=False, packages_skip_test_passed=False, packages_select=None, packages_skip=None, packages_select_regex=None, packages_skip_regex=None, packages_start=None, packages_end=None, allow_overriding=[], cmake_args=None, cmake_target=None, cmake_target_skip_unavailable=False, cmake_clean_cache=False, cmake_clean_first=False, cmake_force_configure=False, ament_cmake_args=None, catkin_cmake_args=None, catkin_skip_building_tests=False, verb_parser=<colcon_defaults.argument_parser.defaults.DefaultArgumentsDecorator object at 0x7f968734ba30>, verb_extension=<colcon_core.verb.build.BuildVerb object at 0x7f9687303b50>, main=<bound method BuildVerb.main of <colcon_core.verb.build.BuildVerb object at 0x7f9687303b50>>)
[1.195s] Level 1:colcon.colcon_core.package_discovery:discover_packages(colcon_meta) check parameters
[1.195s] Level 1:colcon.colcon_core.package_discovery:discover_packages(recursive) check parameters
[1.195s] Level 1:colcon.colcon_core.package_discovery:discover_packages(ignore) check parameters
[1.195s] Level 1:colcon.colcon_core.package_discovery:discover_packages(path) check parameters
[1.195s] Level 1:colcon.colcon_core.package_discovery:discover_packages(colcon_meta) discover
[1.195s] Level 1:colcon.colcon_core.package_discovery:discover_packages(recursive) discover
[1.195s] INFO:colcon.colcon_core.package_discovery:Crawling recursively for packages in '/home/boppermon/ngcp_robot/src/robot-_URDF'
[1.196s] Level 1:colcon.colcon_core.package_identification:_identify(.) by extensions ['ignore', 'ignore_ament_install']
[1.196s] Level 1:colcon.colcon_core.package_identification:_identify(.) by extension 'ignore'
[1.196s] Level 1:colcon.colcon_core.package_identification:_identify(.) by extension 'ignore_ament_install'
[1.196s] Level 1:colcon.colcon_core.package_identification:_identify(.) by extensions ['colcon_pkg']
[1.196s] Level 1:colcon.colcon_core.package_identification:_identify(.) by extension 'colcon_pkg'
[1.196s] Level 1:colcon.colcon_core.package_identification:_identify(.) by extensions ['colcon_meta']
[1.196s] Level 1:colcon.colcon_core.package_identification:_identify(.) by extension 'colcon_meta'
[1.196s] Level 1:colcon.colcon_core.package_identification:_identify(.) by extensions ['ros']
[1.196s] Level 1:colcon.colcon_core.package_identification:_identify(.) by extension 'ros'
[1.207s] DEBUG:colcon.colcon_core.package_identification:Package '.' with type 'ros.ament_cmake' and name 'articubot_one'
[1.207s] Level 1:colcon.colcon_core.package_discovery:discover_packages(recursive) using defaults
[1.207s] Level 1:colcon.colcon_core.package_discovery:discover_packages(ignore) discover
[1.207s] Level 1:colcon.colcon_core.package_discovery:discover_packages(ignore) using defaults
[1.207s] Level 1:colcon.colcon_core.package_discovery:discover_packages(path) discover
[1.207s] Level 1:colcon.colcon_core.package_discovery:discover_packages(path) using defaults
[1.280s] Level 1:colcon.colcon_core.package_discovery:discover_packages(prefix_path) check parameters
[1.280s] Level 1:colcon.colcon_core.package_discovery:discover_packages(prefix_path) discover
[1.313s] DEBUG:colcon.colcon_installed_package_information.package_discovery:Found 1 installed packages in /home/boppermon/ngcp_robot/src/robot-_URDF/install
[1.324s] DEBUG:colcon.colcon_installed_package_information.package_discovery:Found 1 installed packages in /home/boppermon/ngcp_robot/install
[1.337s] DEBUG:colcon.colcon_installed_package_information.package_discovery:Found 2 installed packages in /home/boppermon/ros2_ws/install
[1.351s] DEBUG:colcon.colcon_installed_package_information.package_discovery:Found 1 installed packages in /home/boppermon/dev_ws/install
[1.362s] DEBUG:colcon.colcon_installed_package_information.package_discovery:Found 0 installed packages in /home/boppermon/ngcp_robot/build/install
[1.374s] DEBUG:colcon.colcon_installed_package_information.package_discovery:Found 299 installed packages in /opt/ros/iron
[1.375s] Level 1:colcon.colcon_core.package_discovery:discover_packages(prefix_path) using defaults
[1.442s] Level 5:colcon.colcon_core.verb:set package 'articubot_one' build argument 'cmake_args' from command line to 'None'
[1.442s] Level 5:colcon.colcon_core.verb:set package 'articubot_one' build argument 'cmake_target' from command line to 'None'
[1.443s] Level 5:colcon.colcon_core.verb:set package 'articubot_one' build argument 'cmake_target_skip_unavailable' from command line to 'False'
[1.443s] Level 5:colcon.colcon_core.verb:set package 'articubot_one' build argument 'cmake_clean_cache' from command line to 'False'
[1.443s] Level 5:colcon.colcon_core.verb:set package 'articubot_one' build argument 'cmake_clean_first' from command line to 'False'
[1.443s] Level 5:colcon.colcon_core.verb:set package 'articubot_one' build argument 'cmake_force_configure' from command line to 'False'
[1.443s] Level 5:colcon.colcon_core.verb:set package 'articubot_one' build argument 'ament_cmake_args' from command line to 'None'
[1.443s] Level 5:colcon.colcon_core.verb:set package 'articubot_one' build argument 'catkin_cmake_args' from command line to 'None'
[1.443s] Level 5:colcon.colcon_core.verb:set package 'articubot_one' build argument 'catkin_skip_building_tests' from command line to 'False'
[1.443s] DEBUG:colcon.colcon_core.verb:Building package 'articubot_one' with the following arguments: {'ament_cmake_args': None, 'build_base': '/home/boppermon/ngcp_robot/src/robot-_URDF/build/articubot_one', 'catkin_cmake_args': None, 'catkin_skip_building_tests': False, 'cmake_args': None, 'cmake_clean_cache': False, 'cmake_clean_first': False, 'cmake_force_configure': False, 'cmake_target': None, 'cmake_target_skip_unavailable': False, 'install_base': '/home/boppermon/ngcp_robot/src/robot-_URDF/install/articubot_one', 'merge_install': False, 'path': '/home/boppermon/ngcp_robot/src/robot-_URDF', 'symlink_install': True, 'test_result_base': None}
[1.454s] INFO:colcon.colcon_core.executor:Executing jobs using 'parallel' executor
[1.467s] DEBUG:colcon.colcon_parallel_executor.executor.parallel:run_until_complete
[1.467s] INFO:colcon.colcon_ros.task.ament_cmake.build:Building ROS package in '/home/boppermon/ngcp_robot/src/robot-_URDF' with build type 'ament_cmake'
[1.467s] INFO:colcon.colcon_cmake.task.cmake.build:Building CMake package in '/home/boppermon/ngcp_robot/src/robot-_URDF'
[1.482s] INFO:colcon.colcon_core.plugin_system:Skipping extension 'colcon_core.shell.bat': Not used on non-Windows systems
[1.482s] INFO:colcon.colcon_core.shell:Skip shell extension 'powershell' for command environment: Not usable outside of PowerShell
[1.483s] DEBUG:colcon.colcon_core.shell:Skip shell extension 'dsv' for command environment
[1.584s] DEBUG:colcon.colcon_core.event_handler.log_command:Invoking command in '/home/boppermon/ngcp_robot/src/robot-_URDF/build/articubot_one': CMAKE_PREFIX_PATH=${CMAKE_PREFIX_PATH}:/home/boppermon/ros2_ws/install/my_robot_controller:/home/boppermon/ros2_ws/install/circumference:/opt/ros/iron /usr/bin/cmake --build /home/boppermon/ngcp_robot/src/robot-_URDF/build/articubot_one -- -j8 -l8
[1.620s] DEBUG:colcon.colcon_core.event_handler.log_command:Invoked command in '/home/boppermon/ngcp_robot/src/robot-_URDF/build/articubot_one' returned '0': CMAKE_PREFIX_PATH=${CMAKE_PREFIX_PATH}:/home/boppermon/ros2_ws/install/my_robot_controller:/home/boppermon/ros2_ws/install/circumference:/opt/ros/iron /usr/bin/cmake --build /home/boppermon/ngcp_robot/src/robot-_URDF/build/articubot_one -- -j8 -l8
[1.649s] DEBUG:colcon.colcon_core.event_handler.log_command:Invoking command in '/home/boppermon/ngcp_robot/src/robot-_URDF/build/articubot_one': CMAKE_PREFIX_PATH=${CMAKE_PREFIX_PATH}:/home/boppermon/ros2_ws/install/my_robot_controller:/home/boppermon/ros2_ws/install/circumference:/opt/ros/iron /usr/bin/cmake --install /home/boppermon/ngcp_robot/src/robot-_URDF/build/articubot_one
[1.682s] Level 1:colcon.colcon_core.environment:create_environment_scripts_only(articubot_one)
[1.685s] DEBUG:colcon.colcon_core.event_handler.log_command:Invoked command in '/home/boppermon/ngcp_robot/src/robot-_URDF/build/articubot_one' returned '0': CMAKE_PREFIX_PATH=${CMAKE_PREFIX_PATH}:/home/boppermon/ros2_ws/install/my_robot_controller:/home/boppermon/ros2_ws/install/circumference:/opt/ros/iron /usr/bin/cmake --install /home/boppermon/ngcp_robot/src/robot-_URDF/build/articubot_one
[1.700s] Level 1:colcon.colcon_core.environment:checking '/home/boppermon/ngcp_robot/src/robot-_URDF/install/articubot_one' for CMake module files
[1.701s] Level 1:colcon.colcon_core.environment:checking '/home/boppermon/ngcp_robot/src/robot-_URDF/install/articubot_one' for CMake config files
[1.702s] Level 1:colcon.colcon_core.shell:create_environment_hook('articubot_one', 'cmake_prefix_path')
[1.714s] INFO:colcon.colcon_core.shell:Creating environment hook '/home/boppermon/ngcp_robot/src/robot-_URDF/install/articubot_one/share/articubot_one/hook/cmake_prefix_path.ps1'
[1.715s] INFO:colcon.colcon_core.shell:Creating environment descriptor '/home/boppermon/ngcp_robot/src/robot-_URDF/install/articubot_one/share/articubot_one/hook/cmake_prefix_path.dsv'
[1.716s] INFO:colcon.colcon_core.shell:Creating environment hook '/home/boppermon/ngcp_robot/src/robot-_URDF/install/articubot_one/share/articubot_one/hook/cmake_prefix_path.sh'
[1.717s] Level 1:colcon.colcon_core.environment:checking '/home/boppermon/ngcp_robot/src/robot-_URDF/install/articubot_one/bin'
[1.717s] Level 1:colcon.colcon_core.environment:checking '/home/boppermon/ngcp_robot/src/robot-_URDF/install/articubot_one/lib/pkgconfig/articubot_one.pc'
[1.717s] Level 1:colcon.colcon_core.environment:checking '/home/boppermon/ngcp_robot/src/robot-_URDF/install/articubot_one/lib/python3.10/site-packages'
[1.718s] Level 1:colcon.colcon_core.environment:checking '/home/boppermon/ngcp_robot/src/robot-_URDF/install/articubot_one/bin'
[1.732s] INFO:colcon.colcon_core.shell:Creating package script '/home/boppermon/ngcp_robot/src/robot-_URDF/install/articubot_one/share/articubot_one/package.ps1'
[1.733s] INFO:colcon.colcon_core.shell:Creating package descriptor '/home/boppermon/ngcp_robot/src/robot-_URDF/install/articubot_one/share/articubot_one/package.dsv'
[1.733s] INFO:colcon.colcon_core.shell:Creating package script '/home/boppermon/ngcp_robot/src/robot-_URDF/install/articubot_one/share/articubot_one/package.sh'
[1.734s] INFO:colcon.colcon_core.shell:Creating package script '/home/boppermon/ngcp_robot/src/robot-_URDF/install/articubot_one/share/articubot_one/package.bash'
[1.735s] INFO:colcon.colcon_core.shell:Creating package script '/home/boppermon/ngcp_robot/src/robot-_URDF/install/articubot_one/share/articubot_one/package.zsh'
[1.735s] Level 1:colcon.colcon_core.environment:create_file_with_runtime_dependencies(/home/boppermon/ngcp_robot/src/robot-_URDF/install/articubot_one/share/colcon-core/packages/articubot_one)
[1.771s] Level 1:colcon.colcon_core.environment:create_environment_scripts_only(articubot_one)
[1.784s] Level 1:colcon.colcon_core.environment:checking '/home/boppermon/ngcp_robot/src/robot-_URDF/install/articubot_one' for CMake module files
[1.785s] Level 1:colcon.colcon_core.environment:checking '/home/boppermon/ngcp_robot/src/robot-_URDF/install/articubot_one' for CMake config files
[1.786s] Level 1:colcon.colcon_core.shell:create_environment_hook('articubot_one', 'cmake_prefix_path')
[1.802s] INFO:colcon.colcon_core.shell:Creating environment hook '/home/boppermon/ngcp_robot/src/robot-_URDF/install/articubot_one/share/articubot_one/hook/cmake_prefix_path.ps1'
[1.803s] INFO:colcon.colcon_core.shell:Creating environment descriptor '/home/boppermon/ngcp_robot/src/robot-_URDF/install/articubot_one/share/articubot_one/hook/cmake_prefix_path.dsv'
[1.804s] INFO:colcon.colcon_core.shell:Creating environment hook '/home/boppermon/ngcp_robot/src/robot-_URDF/install/articubot_one/share/articubot_one/hook/cmake_prefix_path.sh'
[1.804s] Level 1:colcon.colcon_core.environment:checking '/home/boppermon/ngcp_robot/src/robot-_URDF/install/articubot_one/bin'
[1.804s] Level 1:colcon.colcon_core.environment:checking '/home/boppermon/ngcp_robot/src/robot-_URDF/install/articubot_one/lib/pkgconfig/articubot_one.pc'
[1.804s] Level 1:colcon.colcon_core.environment:checking '/home/boppermon/ngcp_robot/src/robot-_URDF/install/articubot_one/lib/python3.10/site-packages'
[1.805s] Level 1:colcon.colcon_core.environment:checking '/home/boppermon/ngcp_robot/src/robot-_URDF/install/articubot_one/bin'
[1.820s] INFO:colcon.colcon_core.shell:Creating package script '/home/boppermon/ngcp_robot/src/robot-_URDF/install/articubot_one/share/articubot_one/package.ps1'
[1.821s] INFO:colcon.colcon_core.shell:Creating package descriptor '/home/boppermon/ngcp_robot/src/robot-_URDF/install/articubot_one/share/articubot_one/package.dsv'
[1.821s] INFO:colcon.colcon_core.shell:Creating package script '/home/boppermon/ngcp_robot/src/robot-_URDF/install/articubot_one/share/articubot_one/package.sh'
[1.822s] INFO:colcon.colcon_core.shell:Creating package script '/home/boppermon/ngcp_robot/src/robot-_URDF/install/articubot_one/share/articubot_one/package.bash'
[1.822s] INFO:colcon.colcon_core.shell:Creating package script '/home/boppermon/ngcp_robot/src/robot-_URDF/install/articubot_one/share/articubot_one/package.zsh'
[1.823s] Level 1:colcon.colcon_core.environment:create_file_with_runtime_dependencies(/home/boppermon/ngcp_robot/src/robot-_URDF/install/articubot_one/share/colcon-core/packages/articubot_one)
[1.823s] DEBUG:colcon.colcon_parallel_executor.executor.parallel:closing loop
[1.824s] DEBUG:colcon.colcon_parallel_executor.executor.parallel:loop closed
[1.824s] DEBUG:colcon.colcon_parallel_executor.executor.parallel:run_until_complete finished with '0'
[1.824s] DEBUG:colcon.colcon_core.event_reactor:joining thread
[1.983s] INFO:colcon.colcon_core.plugin_system:Skipping extension 'colcon_notification.desktop_notification.notify_send': Could not find 'notify-send'
[1.983s] INFO:colcon.colcon_core.plugin_system:Skipping extension 'colcon_notification.desktop_notification.terminal_notifier': Not used on non-Darwin systems
[1.983s] INFO:colcon.colcon_core.plugin_system:Skipping extension 'colcon_notification.desktop_notification.win32': Not used on non-Windows systems
[1.983s] INFO:colcon.colcon_notification.desktop_notification:Sending desktop notification using 'notify2'
[1.984s] DEBUG:colcon.colcon_notification.desktop_notification.notify2:Failed to initialize notify2: org.freedesktop.DBus.Error.FileNotFound: Failed to connect to socket /run/user/1000/bus: No such file or directory
[1.984s] DEBUG:colcon.colcon_core.event_reactor:joined thread
[1.995s] INFO:colcon.colcon_core.shell:Creating prefix script '/home/boppermon/ngcp_robot/src/robot-_URDF/install/local_setup.ps1'
[1.996s] INFO:colcon.colcon_core.shell:Creating prefix util module '/home/boppermon/ngcp_robot/src/robot-_URDF/install/_local_setup_util_ps1.py'
[1.998s] INFO:colcon.colcon_core.shell:Creating prefix chain script '/home/boppermon/ngcp_robot/src/robot-_URDF/install/setup.ps1'
[2.010s] INFO:colcon.colcon_core.shell:Creating prefix script '/home/boppermon/ngcp_robot/src/robot-_URDF/install/local_setup.sh'
[2.011s] INFO:colcon.colcon_core.shell:Creating prefix util module '/home/boppermon/ngcp_robot/src/robot-_URDF/install/_local_setup_util_sh.py'
[2.011s] INFO:colcon.colcon_core.shell:Creating prefix chain script '/home/boppermon/ngcp_robot/src/robot-_URDF/install/setup.sh'
[2.024s] INFO:colcon.colcon_core.shell:Creating prefix script '/home/boppermon/ngcp_robot/src/robot-_URDF/install/local_setup.bash'
[2.025s] INFO:colcon.colcon_core.shell:Creating prefix chain script '/home/boppermon/ngcp_robot/src/robot-_URDF/install/setup.bash'
[2.037s] INFO:colcon.colcon_core.shell:Creating prefix script '/home/boppermon/ngcp_robot/src/robot-_URDF/install/local_setup.zsh'
[2.038s] INFO:colcon.colcon_core.shell:Creating prefix chain script '/home/boppermon/ngcp_robot/src/robot-_URDF/install/setup.zsh'
