[0.147s] Invoking command in '/home/boppermon/ngcp_robot/src/robot-_URDF/build/articubot_one': CMAKE_PREFIX_PATH=${CMAKE_PREFIX_PATH}:/home/boppermon/ros2_ws/install/my_robot_controller:/home/boppermon/ros2_ws/install/circumference:/opt/ros/iron /usr/bin/cmake /home/boppermon/ngcp_robot/src/robot-_URDF -DCMAKE_INSTALL_PREFIX=/home/boppermon/ngcp_robot/src/robot-_URDF/install/articubot_one
[0.678s] -- Found ament_cmake: 2.0.3 (/opt/ros/iron/share/ament_cmake/cmake)
[1.500s] -- Override CMake install command with custom implementation using symlinks instead of copying resources
[1.760s] -- Found ament_lint_auto: 0.14.2 (/opt/ros/iron/share/ament_lint_auto/cmake)
[2.786s] -- Added test 'copyright' to check source files copyright and LICENSE
[2.902s] -- Added test 'cppcheck' to perform static code analysis on C / C++ code
[2.902s] -- Configured cppcheck include dirs: 
[2.903s] -- Configured cppcheck exclude dirs and/or files: 
[2.999s] -- Added test 'cpplint' to check C / C++ code against the Google style
[2.999s] -- Configured cpplint exclude dirs and/or files: 
[3.024s] -- Added test 'flake8' to check Python code syntax and style conventions
[3.024s] -- Configured 'flake8' exclude dirs and/or files: 
[3.081s] -- Added test 'lint_cmake' to check CMake code style
[3.140s] -- Added test 'pep257' to check Python code against some of the docstring style conventions in PEP 257
[3.194s] -- Added test 'uncrustify' to check C / C++ code style
[3.194s] -- Configured uncrustify additional arguments: 
[3.201s] -- Added test 'xmllint' to check XML markup files
[3.224s] -- Configuring done
[3.412s] -- Generating done
[3.418s] -- Build files have been written to: /home/boppermon/ngcp_robot/src/robot-_URDF/build/articubot_one
[3.426s] Invoked command in '/home/boppermon/ngcp_robot/src/robot-_URDF/build/articubot_one' returned '0': CMAKE_PREFIX_PATH=${CMAKE_PREFIX_PATH}:/home/boppermon/ros2_ws/install/my_robot_controller:/home/boppermon/ros2_ws/install/circumference:/opt/ros/iron /usr/bin/cmake /home/boppermon/ngcp_robot/src/robot-_URDF -DCMAKE_INSTALL_PREFIX=/home/boppermon/ngcp_robot/src/robot-_URDF/install/articubot_one
[3.432s] Invoking command in '/home/boppermon/ngcp_robot/src/robot-_URDF/build/articubot_one': CMAKE_PREFIX_PATH=${CMAKE_PREFIX_PATH}:/home/boppermon/ros2_ws/install/my_robot_controller:/home/boppermon/ros2_ws/install/circumference:/opt/ros/iron /usr/bin/cmake --build /home/boppermon/ngcp_robot/src/robot-_URDF/build/articubot_one -- -j8 -l8
[3.487s] Invoked command in '/home/boppermon/ngcp_robot/src/robot-_URDF/build/articubot_one' returned '0': CMAKE_PREFIX_PATH=${CMAKE_PREFIX_PATH}:/home/boppermon/ros2_ws/install/my_robot_controller:/home/boppermon/ros2_ws/install/circumference:/opt/ros/iron /usr/bin/cmake --build /home/boppermon/ngcp_robot/src/robot-_URDF/build/articubot_one -- -j8 -l8
[3.527s] Invoking command in '/home/boppermon/ngcp_robot/src/robot-_URDF/build/articubot_one': CMAKE_PREFIX_PATH=${CMAKE_PREFIX_PATH}:/home/boppermon/ros2_ws/install/my_robot_controller:/home/boppermon/ros2_ws/install/circumference:/opt/ros/iron /usr/bin/cmake --install /home/boppermon/ngcp_robot/src/robot-_URDF/build/articubot_one
[3.537s] -- Install configuration: ""
[3.537s] -- Execute custom install script
[3.538s] -- Up-to-date symlink: /home/boppermon/ngcp_robot/src/robot-_URDF/install/articubot_one/share/articubot_one/config/ball_tracker_params_robot.yaml
[3.539s] -- Up-to-date symlink: /home/boppermon/ngcp_robot/src/robot-_URDF/install/articubot_one/share/articubot_one/config/ball_tracker_params_sim.yaml
[3.539s] -- Up-to-date symlink: /home/boppermon/ngcp_robot/src/robot-_URDF/install/articubot_one/share/articubot_one/config/drive_bot.rviz
[3.539s] -- Up-to-date symlink: /home/boppermon/ngcp_robot/src/robot-_URDF/install/articubot_one/share/articubot_one/config/empty.yaml
[3.539s] -- Up-to-date symlink: /home/boppermon/ngcp_robot/src/robot-_URDF/install/articubot_one/share/articubot_one/config/gaz_ros2_ctl_use_sim.yaml
[3.540s] -- Up-to-date symlink: /home/boppermon/ngcp_robot/src/robot-_URDF/install/articubot_one/share/articubot_one/config/gazebo_params.yaml
[3.540s] -- Up-to-date symlink: /home/boppermon/ngcp_robot/src/robot-_URDF/install/articubot_one/share/articubot_one/config/joystick.yaml
[3.541s] -- Up-to-date symlink: /home/boppermon/ngcp_robot/src/robot-_URDF/install/articubot_one/share/articubot_one/config/main.rviz
[3.541s] -- Up-to-date symlink: /home/boppermon/ngcp_robot/src/robot-_URDF/install/articubot_one/share/articubot_one/config/map.rviz
[3.541s] -- Up-to-date symlink: /home/boppermon/ngcp_robot/src/robot-_URDF/install/articubot_one/share/articubot_one/config/mapper_params_online_async.yaml
[3.541s] -- Up-to-date symlink: /home/boppermon/ngcp_robot/src/robot-_URDF/install/articubot_one/share/articubot_one/config/my_controllers.yaml
[3.542s] -- Up-to-date symlink: /home/boppermon/ngcp_robot/src/robot-_URDF/install/articubot_one/share/articubot_one/config/nav2_params.yaml
[3.542s] -- Up-to-date symlink: /home/boppermon/ngcp_robot/src/robot-_URDF/install/articubot_one/share/articubot_one/config/twist_mux.yaml
[3.542s] -- Up-to-date symlink: /home/boppermon/ngcp_robot/src/robot-_URDF/install/articubot_one/share/articubot_one/config/view_bot.rviz
[3.543s] -- Up-to-date symlink: /home/boppermon/ngcp_robot/src/robot-_URDF/install/articubot_one/share/articubot_one/description/camera.xacro
[3.543s] -- Up-to-date symlink: /home/boppermon/ngcp_robot/src/robot-_URDF/install/articubot_one/share/articubot_one/description/depth_camera.xacro
[3.543s] -- Up-to-date symlink: /home/boppermon/ngcp_robot/src/robot-_URDF/install/articubot_one/share/articubot_one/description/face.xacro
[3.544s] -- Up-to-date symlink: /home/boppermon/ngcp_robot/src/robot-_URDF/install/articubot_one/share/articubot_one/description/gazebo_control.xacro
[3.544s] -- Up-to-date symlink: /home/boppermon/ngcp_robot/src/robot-_URDF/install/articubot_one/share/articubot_one/description/inertial_macros.xacro
[3.545s] -- Up-to-date symlink: /home/boppermon/ngcp_robot/src/robot-_URDF/install/articubot_one/share/articubot_one/description/robot.urdf.xacro
[3.545s] -- Up-to-date symlink: /home/boppermon/ngcp_robot/src/robot-_URDF/install/articubot_one/share/articubot_one/description/robot_core.xacro
[3.546s] -- Up-to-date symlink: /home/boppermon/ngcp_robot/src/robot-_URDF/install/articubot_one/share/articubot_one/description/ros2_control.xacro
[3.546s] -- Up-to-date symlink: /home/boppermon/ngcp_robot/src/robot-_URDF/install/articubot_one/share/articubot_one/launch/ball_tracker.launch.py
[3.546s] -- Up-to-date symlink: /home/boppermon/ngcp_robot/src/robot-_URDF/install/articubot_one/share/articubot_one/launch/camera.launch.py
[3.546s] -- Up-to-date symlink: /home/boppermon/ngcp_robot/src/robot-_URDF/install/articubot_one/share/articubot_one/launch/joystick.launch.py
[3.547s] -- Up-to-date symlink: /home/boppermon/ngcp_robot/src/robot-_URDF/install/articubot_one/share/articubot_one/launch/launch_robot.launch.py
[3.547s] -- Up-to-date symlink: /home/boppermon/ngcp_robot/src/robot-_URDF/install/articubot_one/share/articubot_one/launch/launch_sim.launch.py
[3.547s] -- Up-to-date symlink: /home/boppermon/ngcp_robot/src/robot-_URDF/install/articubot_one/share/articubot_one/launch/localization_launch.py
[3.548s] -- Up-to-date symlink: /home/boppermon/ngcp_robot/src/robot-_URDF/install/articubot_one/share/articubot_one/launch/navigation_launch.py
[3.548s] -- Up-to-date symlink: /home/boppermon/ngcp_robot/src/robot-_URDF/install/articubot_one/share/articubot_one/launch/online_async_launch.py
[3.548s] -- Up-to-date symlink: /home/boppermon/ngcp_robot/src/robot-_URDF/install/articubot_one/share/articubot_one/launch/rplidar.launch.py
[3.549s] -- Up-to-date symlink: /home/boppermon/ngcp_robot/src/robot-_URDF/install/articubot_one/share/articubot_one/launch/rsp.launch.py
[3.549s] -- Up-to-date symlink: /home/boppermon/ngcp_robot/src/robot-_URDF/install/articubot_one/share/articubot_one/worlds/empty.world
[3.549s] -- Up-to-date symlink: /home/boppermon/ngcp_robot/src/robot-_URDF/install/articubot_one/share/articubot_one/worlds/obstacles.world
[3.549s] -- Up-to-date symlink: /home/boppermon/ngcp_robot/src/robot-_URDF/install/articubot_one/share/ament_index/resource_index/package_run_dependencies/articubot_one
[3.550s] -- Up-to-date symlink: /home/boppermon/ngcp_robot/src/robot-_URDF/install/articubot_one/share/ament_index/resource_index/parent_prefix_path/articubot_one
[3.550s] -- Up-to-date symlink: /home/boppermon/ngcp_robot/src/robot-_URDF/install/articubot_one/share/articubot_one/environment/ament_prefix_path.sh
[3.550s] -- Up-to-date symlink: /home/boppermon/ngcp_robot/src/robot-_URDF/install/articubot_one/share/articubot_one/environment/ament_prefix_path.dsv
[3.550s] -- Up-to-date symlink: /home/boppermon/ngcp_robot/src/robot-_URDF/install/articubot_one/share/articubot_one/environment/path.sh
[3.551s] -- Up-to-date symlink: /home/boppermon/ngcp_robot/src/robot-_URDF/install/articubot_one/share/articubot_one/environment/path.dsv
[3.551s] -- Up-to-date symlink: /home/boppermon/ngcp_robot/src/robot-_URDF/install/articubot_one/share/articubot_one/local_setup.bash
[3.552s] -- Up-to-date symlink: /home/boppermon/ngcp_robot/src/robot-_URDF/install/articubot_one/share/articubot_one/local_setup.sh
[3.552s] -- Up-to-date symlink: /home/boppermon/ngcp_robot/src/robot-_URDF/install/articubot_one/share/articubot_one/local_setup.zsh
[3.552s] -- Up-to-date symlink: /home/boppermon/ngcp_robot/src/robot-_URDF/install/articubot_one/share/articubot_one/local_setup.dsv
[3.552s] -- Symlinking: /home/boppermon/ngcp_robot/src/robot-_URDF/install/articubot_one/share/articubot_one/package.dsv
[3.557s] -- Up-to-date symlink: /home/boppermon/ngcp_robot/src/robot-_URDF/install/articubot_one/share/ament_index/resource_index/packages/articubot_one
[3.558s] -- Up-to-date symlink: /home/boppermon/ngcp_robot/src/robot-_URDF/install/articubot_one/share/articubot_one/cmake/articubot_oneConfig.cmake
[3.558s] -- Up-to-date symlink: /home/boppermon/ngcp_robot/src/robot-_URDF/install/articubot_one/share/articubot_one/cmake/articubot_oneConfig-version.cmake
[3.558s] -- Up-to-date symlink: /home/boppermon/ngcp_robot/src/robot-_URDF/install/articubot_one/share/articubot_one/package.xml
[3.560s] Invoked command in '/home/boppermon/ngcp_robot/src/robot-_URDF/build/articubot_one' returned '0': CMAKE_PREFIX_PATH=${CMAKE_PREFIX_PATH}:/home/boppermon/ros2_ws/install/my_robot_controller:/home/boppermon/ros2_ws/install/circumference:/opt/ros/iron /usr/bin/cmake --install /home/boppermon/ngcp_robot/src/robot-_URDF/build/articubot_one
